<?xml version="1.0" encoding="UTF-8"?>
<!-- Generated by org.testng.reporters.JUnitXMLReporter -->
<testsuite ignored="0" hostname="KashifS" failures="0" tests="3" name="Default test(failed)(failed)(failed)" time="1.938" errors="0" timestamp="2024-12-22T21:48:21 IST">
  <testcase classname="testBase.BaseClass" name="@BeforeClass setup" time="-1.73488429926E9">
    <failure type="org.testng.TestNGException" message="
Parameter &amp;apos;OS&amp;apos; is required by BeforeClass on method setup but has not been marked @Optional or defined
in C:\Users\kashif.saifi\eclipse-workspace\OpenCartV1\test-output\testng-failed.xml">
      <![CDATA[org.testng.TestNGException: 
Parameter 'OS' is required by BeforeClass on method setup but has not been marked @Optional or defined
in C:\Users\kashif.saifi\eclipse-workspace\OpenCartV1\test-output\testng-failed.xml
at java.base/java.util.ArrayList.forEach(ArrayList.java:1511)
... Removed 22 stack frames]]>
    </failure>
  </testcase> <!-- @BeforeClass setup -->
  <testcase classname="testBase.BaseClass" name="@AfterClass tearDown" time="0.0">
    <skipped/>
  </testcase> <!-- @AfterClass tearDown -->
  <testcase classname="testCases.TC_003_LoginDDT" name="verify_TestLoginDDT" time="0.001">
    <skipped/>
  </testcase> <!-- verify_TestLoginDDT -->
  <testcase classname="testCases.TC_003_LoginDDT" name="verify_TestLoginDDT" time="0.0">
    <skipped/>
  </testcase> <!-- verify_TestLoginDDT -->
  <testcase classname="testCases.TC_003_LoginDDT" name="verify_TestLoginDDT" time="0.0">
    <skipped/>
  </testcase> <!-- verify_TestLoginDDT -->
</testsuite> <!-- Default test(failed)(failed)(failed) -->
